<?xml version="1.0" encoding="UTF-8"?>
<testng-results skipped="0" failed="0" total="1" passed="1">
  <reporter-output>
  </reporter-output>
  <suite name="Default suite" duration-ms="22640" started-at="2017-03-24T04:50:21Z" finished-at="2017-03-24T04:50:44Z">
    <groups>
    </groups>
    <test name="Default test" duration-ms="22640" started-at="2017-03-24T04:50:21Z" finished-at="2017-03-24T04:50:44Z">
      <class name="swagitnewagain.swagitagain.AppTest">
        <test-method status="PASS" signature="swatrial()[pri:0, instance:swagitnewagain.swagitagain.AppTest@55f3ddb1]" name="swatrial" duration-ms="22604" started-at="2017-03-23T22:50:21Z" finished-at="2017-03-23T22:50:44Z">
          <reporter-output>
          </reporter-output>
        </test-method> <!-- swatrial -->
      </class> <!-- swagitnewagain.swagitagain.AppTest -->
    </test> <!-- Default test -->
  </suite> <!-- Default suite -->
</testng-results>
