<?xml version="1.0" encoding="UTF-8"?>
<testng-results skipped="0" failed="0" total="1" passed="1">
  <reporter-output>
  </reporter-output>
  <suite name="Default suite" duration-ms="21334" started-at="2017-03-24T06:37:47Z" finished-at="2017-03-24T06:38:08Z">
    <groups>
    </groups>
    <test name="Default test" duration-ms="21334" started-at="2017-03-24T06:37:47Z" finished-at="2017-03-24T06:38:08Z">
      <class name="swagitnewagain.swagitagain.AppTest">
        <test-method status="PASS" signature="swatrial()[pri:0, instance:swagitnewagain.swagitagain.AppTest@598067a5]" name="swatrial" duration-ms="21300" started-at="2017-03-24T00:37:47Z" finished-at="2017-03-24T00:38:08Z">
          <reporter-output>
          </reporter-output>
        </test-method> <!-- swatrial -->
      </class> <!-- swagitnewagain.swagitagain.AppTest -->
    </test> <!-- Default test -->
  </suite> <!-- Default suite -->
</testng-results>
